C51 COMPILER V9.54   MAIN                                                                  04/24/2017 20:17:39 PAGE 1   


C51 COMPILER V9.54, COMPILATION OF MODULE MAIN
OBJECT MODULE PLACED IN .\Objects\main.obj
COMPILER INVOKED BY: C:\Keil_v5\C51\BIN\C51.EXE main.c OPTIMIZE(8,SPEED) BROWSE DEBUG OBJECTEXTEND PRINT(.\Listings\main
                    -.lst) TABS(2) OBJECT(.\Objects\main.obj)

line level    source

   1          #include <at89c51xd2.h>
   2          #include <stdio.h>
   3          sbit output = P2^0;
   4          sbit errorLED = P2^6;
   5          sbit SW = P2^7;
   6          void timer_delay(unsigned char low, unsigned char high);
   7          void main()
   8          {
   9   1        SW = 1;         // Initialize SW
  10   1        output = 0;     // Initialize output
  11   1        TMOD =  0x01;   // Setup Timer 0
  12   1        while( 1 )
  13   1        { 
  14   2          errorLED = 1;   // Turn off LED   
  15   2          while (SW == 0)
  16   2          {
  17   3            unsigned char x = P1;
  18   3            switch(x)
  19   3            {
  20   4              case 0x20:
  21   4                errorLED = 1;
  22   4                output = ~output;
  23   4                timer_delay(0x1F, 0xFD);
  24   4                output = ~output;
  25   4                timer_delay(0x7B, 0xF4);
  26   4                break;
  27   4              
  28   4              case 0x25:
  29   4                errorLED = 1;
  30   4                output = ~output;
  31   4                timer_delay(0x66, 0xFC);
  32   4                output = ~output;
  33   4                timer_delay(0x33, 0xf5);
  34   4                break;
  35   4              
  36   4              case 0x50:
  37   4                errorLED = 1;
  38   4                output = ~output;
  39   4                timer_delay(0xCD, 0xF8);
  40   4                output = ~output;
  41   4                timer_delay(0xCD, 0xF8);
  42   4                break;
  43   4              
  44   4              case 0x75:
  45   4                errorLED = 1;
  46   4                output = ~output;
  47   4                timer_delay(0x33, 0xf5);
  48   4                output = ~output;
  49   4                timer_delay(0x66, 0xFC);
  50   4                break;
  51   4              
  52   4              case 0x80:
  53   4                errorLED = 1;
  54   4                output = ~output;
C51 COMPILER V9.54   MAIN                                                                  04/24/2017 20:17:39 PAGE 2   

  55   4                timer_delay(0x7B, 0xF4);
  56   4                output = ~output;
  57   4                timer_delay(0x1F, 0xFD);
  58   4                break;
  59   4              
  60   4              default:
  61   4                errorLED = 0;
  62   4                output = 0;
  63   4                break;
  64   4            }
  65   3          }
  66   2        }
  67   1      }
  68          void timer_delay(unsigned char low, unsigned char high)
  69          {  
  70   1          TH0 = high;
  71   1          TL0 = low;
  72   1          TR0 = 1;
  73   1          while(TF0 == 0);
  74   1          TR0 = 0;
  75   1          TF0 = 0;
  76   1      }


MODULE INFORMATION:   STATIC OVERLAYABLE
   CODE SIZE        =    156    ----
   CONSTANT SIZE    =   ----    ----
   XDATA SIZE       =   ----    ----
   PDATA SIZE       =   ----    ----
   DATA SIZE        =   ----       1
   IDATA SIZE       =   ----    ----
   BIT SIZE         =   ----    ----
END OF MODULE INFORMATION.


C51 COMPILATION COMPLETE.  0 WARNING(S),  0 ERROR(S)
